cl : ligne de commande  warning D9035: l'option 'Gm' est déconseillée et sera supprimée dans une version ultérieure
  ImageProcessingDoc.cpp
C:\Users\ambro\Downloads\Template\50251537\SRC\ImageProcessingDoc.cpp(376,12): warning C4101: 'newcolor' : variable locale non référencée
  (compiler le fichier source '/ImageProcessingDoc.cpp')
  
C:\Users\ambro\Downloads\Template\50251537\SRC\ImageProcessingDoc.cpp(375,12): warning C4101: 'color' : variable locale non référencée
  (compiler le fichier source '/ImageProcessingDoc.cpp')
  
C:\Users\ambro\Downloads\Template\50251537\SRC\ImageProcessingDoc.cpp(400,9): warning C4101: 'LUT' : variable locale non référencée
  (compiler le fichier source '/ImageProcessingDoc.cpp')
  
C:\Users\ambro\Downloads\Template\50251537\SRC\ImageProcessingDoc.cpp(449,22): warning C4244: 'initialisation' : conversion de 'double' en 'float', perte possible de données
  (compiler le fichier source '/ImageProcessingDoc.cpp')
  
C:\Users\ambro\Downloads\Template\50251537\SRC\ImageProcessingDoc.cpp(450,9): warning C4101: 'sum_hist' : variable locale non référencée
  (compiler le fichier source '/ImageProcessingDoc.cpp')
  
C:\Users\ambro\Downloads\Template\50251537\SRC\ImageProcessingDoc.cpp(460,8): warning C4101: 'LUT' : variable locale non référencée
  (compiler le fichier source '/ImageProcessingDoc.cpp')
  
C:\Users\ambro\Downloads\Template\50251537\SRC\ImageProcessingDoc.cpp(504,22): warning C4244: 'initialisation' : conversion de 'double' en 'float', perte possible de données
  (compiler le fichier source '/ImageProcessingDoc.cpp')
  
C:\Users\ambro\Downloads\Template\50251537\SRC\ImageProcessingDoc.cpp(561,24): warning C4244: '=' : conversion de 'double' en 'float', perte possible de données
  (compiler le fichier source '/ImageProcessingDoc.cpp')
  
C:\Users\ambro\Downloads\Template\50251537\SRC\ImageProcessingDoc.cpp(505,9): warning C4101: 'sum_hist' : variable locale non référencée
  (compiler le fichier source '/ImageProcessingDoc.cpp')
  
C:\Users\ambro\Downloads\Template\50251537\SRC\ImageProcessingDoc.cpp(515,8): warning C4101: 'LUT' : variable locale non référencée
  (compiler le fichier source '/ImageProcessingDoc.cpp')
  
C:\Users\ambro\Downloads\Template\50251537\SRC\ImageProcessingDoc.cpp(531,9): warning C4101: 'desired_histogram' : variable locale non référencée
  (compiler le fichier source '/ImageProcessingDoc.cpp')
  
C:\Users\ambro\Downloads\Template\50251537\SRC\ImageProcessingDoc.cpp(574,7): warning C4101: 'min' : variable locale non référencée
  (compiler le fichier source '/ImageProcessingDoc.cpp')
  
C:\Users\ambro\Downloads\Template\50251537\SRC\ImageProcessingDoc.cpp(575,9): warning C4101: 'inv_hist' : variable locale non référencée
  (compiler le fichier source '/ImageProcessingDoc.cpp')
  
C:\Users\ambro\Downloads\Template\50251537\SRC\ImageProcessingDoc.cpp(573,9): warning C4101: 'difference' : variable locale non référencée
  (compiler le fichier source '/ImageProcessingDoc.cpp')
  
C:\Users\ambro\Downloads\Template\50251537\SRC\ImageProcessingDoc.cpp(425,1): warning C4700: variable locale 'newcolor' non initialisée utilisée
C:\Users\ambro\Downloads\Template\50251537\SRC\ImageProcessingDoc.cpp(479,1): warning C4700: variable locale 'newcolor' non initialisée utilisée
C:\Users\ambro\Downloads\Template\50251537\SRC\ImageProcessingDoc.cpp(607,1): warning C4700: variable locale 'newcolor' non initialisée utilisée
  ImageProcessing.vcxproj -> C:\Users\ambro\Downloads\Template\50251537\SRC\Debug\ImageProcessing.exe
